rvm_scripts_path=/home/todopia/.rvm/scripts
rvm_ruby_src_path=/home/todopia/.rvm/src/ruby-1.9.1-p378
rvm_bin_path=/home/todopia/.rvm/bin
XDG_DATA_HOME=/home/todopia/.local/share
rvm_ruby_package_name=ruby-1.9.1-p378
rvm_ruby_repo_url=http://svn.ruby-lang.org/repos/ruby
GEM_HOME=/home/todopia/.rvm/gems/ruby-1.9.1-p378@todo
rvm_ruby_gem_home=/home/todopia/.rvm/gems/ruby-1.9.1-p378@todo
TERM=xterm-color
SHELL=/bin/bash
HISTSIZE=1000
rvm_ruby_patch_level=p378
IRBRC=/home/todopia/.rvm/rubies/ruby-1.9.1-p378/.irbrc
SSH_CLIENT=66.20.174.12 50562 22
rvm_ruby_log_path=/home/todopia/.rvm/log/ruby-1.9.1-p378
environment=production
OLDPWD=/home/todopia/current
MY_RUBY_HOME=/home/todopia/.rvm/rubies/ruby-1.9.1-p378
rvm_major_version=9
rvm_ruby_gem_path=/home/todopia/.rvm/gems/ruby-1.9.1-p378@todo:/home/todopia/.rvm/gems/ruby-1.9.1-p378@global
SSH_TTY=/dev/pts/0
rvm_ruby_selected_flag=1
USER=todopia
rvm_ruby_home=/home/todopia/.rvm/rubies/ruby-1.9.1-p378
rvm_gems_cache_path=/home/todopia/.rvm/gems/cache
rvm_config_path=/home/todopia/.rvm/config
rvm_path=/home/todopia/.rvm
PGUSER=postgres
SSH_AUTH_SOCK=/tmp/ssh-CUIgFw9920/agent.9920
rvm_gemset_separator=@
XDG_CONFIG_DIRS=/etc/xdg
rvm_ruby_irbrc=/home/todopia/.rvm/rubies/ruby-1.9.1-p378/.irbrc
MAIL=/var/mail/todopia
PATH=/home/todopia/.rvm/rubies/ruby-1.9.1-p378/bin:/home/todopia/.rvm/gems/ruby-1.9.1-p378@todo/bin:/home/todopia/.rvm/gems/ruby-1.9.1-p378@global/bin:/home/todopia/.rvm/bin:/bin:/usr/bin:/sbin:/usr/sbin:/usr/local/bin:/usr/local/postgresql/bin:/usr/bin/perlbin/site:/usr/bin/perlbin/vendor:/usr/bin/perlbin/core:/usr/local/imagemagick/bin
rvm_rubies_path=/home/todopia/.rvm/rubies
HG=/usr/bin/hg
INPUTRC=/etc/inputrc
PWD=/home/todopia
EDITOR=nano
LANG=en_US.UTF-8
rvm_hooks_path=/home/todopia/.rvm/hooks
project=todopia
PS1=[\u@\h \W]\$ 
PS3=> 
HISTCONTROL=erasedups
PS2=> 
rvm_ruby_binary=/home/todopia/.rvm/rubies/ruby-1.9.1-p378/bin/ruby
rvm_version=0.1.28
rvm_src_path=/home/todopia/.rvm/src
SHLVL=1
PS4=+ 
HOME=/home/todopia
rvm_gems_path=/home/todopia/.rvm/gems
XDG_CONFIG_HOME=/home/todopia/.config
rvm_gemset_name=todo
RAILS_ENV=production
rvm_ruby_string=ruby-1.9.1-p378
BUNDLE_PATH=/home/todopia/.rvm/gems/ruby-1.9.1-p378@todo
XDG_CACHE_HOME=/home/todopia/.cache
rvm_tmp_path=/home/todopia/.rvm/tmp
LESS=-R
LOGNAME=todopia
VISUAL=vi
rvm_ruby_version=1.9.1
GEM_PATH=/home/todopia/.rvm/gems/ruby-1.9.1-p378@todo:/home/todopia/.rvm/gems/ruby-1.9.1-p378@global
XDG_DATA_DIRS=/usr/share:/usr/local/share
SSH_CONNECTION=66.20.174.12 50562 208.85.148.14 22
rvm_ruby_interpreter=ruby
PGDATA=/data/pgsql/data
PKG_CONFIG_PATH=/usr/lib/pkgconfig
rvm_log_path=/home/todopia/.rvm/log
PROMPT_COMMAND=echo -ne "\033]0;${USER}@${HOSTNAME%%.*}:${PWD/$HOME/~}\007"
rvm_minor_version=1
PGLOG=/data/pgsql/server.log
rvm_interactive=1
RUBY_VERSION=ruby-1.9.1-p378
rvm_archives_path=/home/todopia/.rvm/archives
G_BROKEN_FILENAMES=1
_=/usr/bin/env
